{
  "stats": {
    "suites": 1,
    "tests": 1,
    "passes": 1,
    "pending": 0,
    "failures": 0,
    "start": "2024-08-13T12:22:43.887Z",
    "end": "2024-08-13T12:22:46.648Z",
    "duration": 2761,
    "testsRegistered": 1,
    "passPercent": 100,
    "pendingPercent": 0,
    "other": 0,
    "hasOther": false,
    "skipped": 0,
    "hasSkipped": false
  },
  "results": [
    {
      "uuid": "e52a8a2c-7098-4f0a-bb39-d3bd4bee0983",
      "title": "",
      "fullFile": "cypress/e2e/hw19Login.cy.js",
      "file": "cypress/e2e/hw19Login.cy.js",
      "beforeHooks": [],
      "afterHooks": [],
      "tests": [],
      "suites": [
        {
          "uuid": "970fe26a-9f7a-4491-98b4-4129b695a230",
          "title": "Тесты авторизации",
          "fullFile": "",
          "file": "",
          "beforeHooks": [],
          "afterHooks": [],
          "tests": [
            {
              "title": "Успешный вход с правильными данными",
              "fullTitle": "Тесты авторизации Успешный вход с правильными данными",
              "timedOut": null,
              "duration": 2712,
              "state": "passed",
              "speed": "fast",
              "pass": true,
              "fail": false,
              "pending": false,
              "context": null,
              "code": "cy.login();\n// Проверка успешного входа, например:\ncy.url().should('include', 'https://qauto.forstudy.space/panel/garage');",
              "err": {},
              "uuid": "79c2c37f-2d04-4b87-b35b-19d7cdf207aa",
              "parentUUID": "970fe26a-9f7a-4491-98b4-4129b695a230",
              "isHook": false,
              "skipped": false
            }
          ],
          "suites": [],
          "passes": [
            "79c2c37f-2d04-4b87-b35b-19d7cdf207aa"
          ],
          "failures": [],
          "pending": [],
          "skipped": [],
          "duration": 2712,
          "root": false,
          "rootEmpty": false,
          "_timeout": 2000
        }
      ],
      "passes": [],
      "failures": [],
      "pending": [],
      "skipped": [],
      "duration": 0,
      "root": true,
      "rootEmpty": true,
      "_timeout": 2000
    }
  ],
  "meta": {
    "mocha": {
      "version": "7.0.1"
    },
    "mochawesome": {
      "options": {
        "quiet": false,
        "reportFilename": "mochawesome",
        "saveHtml": true,
        "saveJson": true,
        "consoleReporter": "spec",
        "useInlineDiffs": false,
        "code": true
      },
      "version": "7.1.3"
    },
    "marge": {
      "options": {
        "reportDir": "cypress/reports/mochawesome",
        "overwrite": false,
        "html": true,
        "json": true,
        "charts": true
      },
      "version": "6.2.0"
    }
  }
}