{
  "stats": {
    "suites": 1,
    "tests": 1,
    "passes": 1,
    "pending": 0,
    "failures": 0,
    "start": "2024-08-13T12:22:47.982Z",
    "end": "2024-08-13T12:22:49.309Z",
    "duration": 1327,
    "testsRegistered": 1,
    "passPercent": 100,
    "pendingPercent": 0,
    "other": 0,
    "hasOther": false,
    "skipped": 0,
    "hasSkipped": false
  },
  "results": [
    {
      "uuid": "62373c8b-689c-4d75-96e0-265c5b92a9ba",
      "title": "",
      "fullFile": "cypress/e2e/qauto.cy.js",
      "file": "cypress/e2e/qauto.cy.js",
      "beforeHooks": [],
      "afterHooks": [],
      "tests": [],
      "suites": [
        {
          "uuid": "4ae02573-d939-470c-97cb-7c498fcf6f5b",
          "title": "Login test with HTTP AUTH",
          "fullFile": "",
          "file": "",
          "beforeHooks": [],
          "afterHooks": [],
          "tests": [
            {
              "title": "should login with valid credentials using HTTP auth",
              "fullTitle": "Login test with HTTP AUTH should login with valid credentials using HTTP auth",
              "timedOut": null,
              "duration": 1245,
              "state": "passed",
              "speed": "fast",
              "pass": true,
              "fail": false,
              "pending": false,
              "context": null,
              "code": "cy.visit('https://guest:welcome2qauto@qauto.forstudy.space/');\ncy.contains('Guest log in', {\n  timeout: 10000\n}).should('be.visible');",
              "err": {},
              "uuid": "be6df400-bf8e-443c-96f4-25ef9d761077",
              "parentUUID": "4ae02573-d939-470c-97cb-7c498fcf6f5b",
              "isHook": false,
              "skipped": false
            }
          ],
          "suites": [],
          "passes": [
            "be6df400-bf8e-443c-96f4-25ef9d761077"
          ],
          "failures": [],
          "pending": [],
          "skipped": [],
          "duration": 1245,
          "root": false,
          "rootEmpty": false,
          "_timeout": 2000
        }
      ],
      "passes": [],
      "failures": [],
      "pending": [],
      "skipped": [],
      "duration": 0,
      "root": true,
      "rootEmpty": true,
      "_timeout": 2000
    }
  ],
  "meta": {
    "mocha": {
      "version": "7.0.1"
    },
    "mochawesome": {
      "options": {
        "quiet": false,
        "reportFilename": "mochawesome",
        "saveHtml": true,
        "saveJson": true,
        "consoleReporter": "spec",
        "useInlineDiffs": false,
        "code": true
      },
      "version": "7.1.3"
    },
    "marge": {
      "options": {
        "reportDir": "cypress/reports/mochawesome",
        "overwrite": false,
        "html": true,
        "json": true,
        "charts": true
      },
      "version": "6.2.0"
    }
  }
}